mode: set
github.com/dmtsa27/kachka.git/pkg/service/bootstrap_service.go:18.154,20.2 1 1
github.com/dmtsa27/kachka.git/pkg/service/bootstrap_service.go:22.127,24.2 1 1
github.com/dmtsa27/kachka.git/pkg/service/bootstrap_service.go:26.104,28.2 1 1
github.com/dmtsa27/kachka.git/pkg/service/bootstrap_service.go:30.206,31.68 1 1
github.com/dmtsa27/kachka.git/pkg/service/bootstrap_service.go:31.68,33.3 1 0
github.com/dmtsa27/kachka.git/pkg/service/bootstrap_service.go:35.2,35.77 1 1
github.com/dmtsa27/kachka.git/pkg/service/bootstrap_service.go:35.77,37.3 1 0
github.com/dmtsa27/kachka.git/pkg/service/bootstrap_service.go:39.2,39.100 1 1
github.com/dmtsa27/kachka.git/pkg/service/bootstrap_service.go:39.100,41.3 1 0
github.com/dmtsa27/kachka.git/pkg/service/bootstrap_service.go:43.2,43.35 1 1
github.com/dmtsa27/kachka.git/pkg/service/bootstrap_service.go:43.35,45.17 2 1
github.com/dmtsa27/kachka.git/pkg/service/bootstrap_service.go:45.17,47.4 1 0
github.com/dmtsa27/kachka.git/pkg/service/bootstrap_service.go:48.3,48.31 1 1
github.com/dmtsa27/kachka.git/pkg/service/bootstrap_service.go:51.2,52.16 2 1
github.com/dmtsa27/kachka.git/pkg/service/bootstrap_service.go:52.16,53.36 1 1
github.com/dmtsa27/kachka.git/pkg/service/bootstrap_service.go:53.36,55.4 1 1
github.com/dmtsa27/kachka.git/pkg/service/bootstrap_service.go:56.3,56.38 1 0
github.com/dmtsa27/kachka.git/pkg/service/bootstrap_service.go:59.2,59.45 1 1
github.com/dmtsa27/kachka.git/pkg/service/bootstrap_service.go:59.45,61.3 1 1
github.com/dmtsa27/kachka.git/pkg/service/bootstrap_service.go:63.2,64.16 2 0
github.com/dmtsa27/kachka.git/pkg/service/bootstrap_service.go:64.16,66.3 1 0
github.com/dmtsa27/kachka.git/pkg/service/bootstrap_service.go:68.2,68.39 1 0
github.com/dmtsa27/kachka.git/pkg/service/bootstrap_service.go:71.102,73.16 2 1
github.com/dmtsa27/kachka.git/pkg/service/bootstrap_service.go:73.16,74.36 1 1
github.com/dmtsa27/kachka.git/pkg/service/bootstrap_service.go:74.36,76.4 1 1
github.com/dmtsa27/kachka.git/pkg/service/bootstrap_service.go:77.3,77.20 1 0
github.com/dmtsa27/kachka.git/pkg/service/bootstrap_service.go:80.2,80.50 1 1
github.com/dmtsa27/kachka.git/pkg/service/bootstrap_service.go:80.50,82.3 1 1
github.com/dmtsa27/kachka.git/pkg/service/bootstrap_service.go:84.2,84.38 1 1
github.com/dmtsa27/kachka.git/pkg/service/bootstrap_service.go:84.38,86.3 1 1
github.com/dmtsa27/kachka.git/pkg/service/bootstrap_service.go:88.2,89.16 2 1
github.com/dmtsa27/kachka.git/pkg/service/bootstrap_service.go:89.16,91.3 1 0
github.com/dmtsa27/kachka.git/pkg/service/bootstrap_service.go:93.2,93.48 1 1
github.com/dmtsa27/kachka.git/pkg/service/bootstrap_service.go:93.48,95.3 1 1
github.com/dmtsa27/kachka.git/pkg/service/bootstrap_service.go:97.2,98.16 2 1
github.com/dmtsa27/kachka.git/pkg/service/bootstrap_service.go:98.16,100.3 1 0
github.com/dmtsa27/kachka.git/pkg/service/bootstrap_service.go:101.2,101.13 1 1
github.com/dmtsa27/kachka.git/pkg/service/bootstrap_service.go:101.13,103.3 1 0
github.com/dmtsa27/kachka.git/pkg/service/bootstrap_service.go:105.2,111.17 1 1
github.com/dmtsa27/kachka.git/pkg/service/bootstrap_service.go:111.17,113.3 1 0
github.com/dmtsa27/kachka.git/pkg/service/bootstrap_service.go:115.2,115.18 1 1
github.com/dmtsa27/kachka.git/pkg/service/bootstrap_service.go:118.128,120.2 1 1
github.com/dmtsa27/kachka.git/pkg/service/bootstrap_service.go:122.109,124.2 1 1
github.com/dmtsa27/kachka.git/pkg/service/bootstrap_service.go:126.57,127.31 1 1
github.com/dmtsa27/kachka.git/pkg/service/bootstrap_service.go:127.31,128.22 1 1
github.com/dmtsa27/kachka.git/pkg/service/bootstrap_service.go:128.22,130.4 1 1
github.com/dmtsa27/kachka.git/pkg/service/bootstrap_service.go:132.2,132.14 1 1
github.com/dmtsa27/kachka.git/pkg/service/challenge_service.go:18.115,25.2 1 1
github.com/dmtsa27/kachka.git/pkg/service/challenge_service.go:28.96,30.2 1 1
github.com/dmtsa27/kachka.git/pkg/service/challenge_service.go:33.94,35.16 2 1
github.com/dmtsa27/kachka.git/pkg/service/challenge_service.go:35.16,37.3 1 0
github.com/dmtsa27/kachka.git/pkg/service/challenge_service.go:38.2,38.24 1 1
github.com/dmtsa27/kachka.git/pkg/service/challenge_service.go:41.109,47.16 5 1
github.com/dmtsa27/kachka.git/pkg/service/challenge_service.go:47.16,49.3 1 0
github.com/dmtsa27/kachka.git/pkg/service/challenge_service.go:51.2,53.32 3 1
github.com/dmtsa27/kachka.git/pkg/service/challenge_service.go:53.32,54.39 1 1
github.com/dmtsa27/kachka.git/pkg/service/challenge_service.go:54.39,57.4 2 1
github.com/dmtsa27/kachka.git/pkg/service/challenge_service.go:60.2,60.24 1 1
github.com/dmtsa27/kachka.git/pkg/service/challenge_service.go:60.24,61.70 1 1
github.com/dmtsa27/kachka.git/pkg/service/challenge_service.go:61.70,63.4 1 0
github.com/dmtsa27/kachka.git/pkg/service/challenge_service.go:66.2,66.20 1 1
github.com/dmtsa27/kachka.git/pkg/service/circle_service.go:20.122,21.49 1 1
github.com/dmtsa27/kachka.git/pkg/service/circle_service.go:21.49,23.3 1 1
github.com/dmtsa27/kachka.git/pkg/service/circle_service.go:25.2,26.16 2 1
github.com/dmtsa27/kachka.git/pkg/service/circle_service.go:26.16,28.3 1 0
github.com/dmtsa27/kachka.git/pkg/service/circle_service.go:29.2,29.19 1 1
github.com/dmtsa27/kachka.git/pkg/service/circle_service.go:29.19,31.3 1 1
github.com/dmtsa27/kachka.git/pkg/service/circle_service.go:33.2,34.16 2 1
github.com/dmtsa27/kachka.git/pkg/service/circle_service.go:34.16,36.3 1 0
github.com/dmtsa27/kachka.git/pkg/service/circle_service.go:37.2,37.13 1 1
github.com/dmtsa27/kachka.git/pkg/service/circle_service.go:37.13,39.3 1 1
github.com/dmtsa27/kachka.git/pkg/service/circle_service.go:41.2,42.16 2 1
github.com/dmtsa27/kachka.git/pkg/service/circle_service.go:42.16,44.3 1 0
github.com/dmtsa27/kachka.git/pkg/service/circle_service.go:45.2,45.16 1 1
github.com/dmtsa27/kachka.git/pkg/service/circle_service.go:45.16,47.3 1 0
github.com/dmtsa27/kachka.git/pkg/service/circle_service.go:49.2,49.57 1 1
github.com/dmtsa27/kachka.git/pkg/service/circle_service.go:52.96,54.16 2 1
github.com/dmtsa27/kachka.git/pkg/service/circle_service.go:54.16,56.3 1 0
github.com/dmtsa27/kachka.git/pkg/service/circle_service.go:58.2,58.22 1 1
github.com/dmtsa27/kachka.git/pkg/service/circle_service.go:61.110,63.16 2 1
github.com/dmtsa27/kachka.git/pkg/service/circle_service.go:63.16,65.3 1 0
github.com/dmtsa27/kachka.git/pkg/service/circle_service.go:66.2,66.17 1 1
github.com/dmtsa27/kachka.git/pkg/service/circle_service.go:66.17,67.81 1 1
github.com/dmtsa27/kachka.git/pkg/service/circle_service.go:67.81,69.4 1 0
github.com/dmtsa27/kachka.git/pkg/service/circle_service.go:70.3,70.24 1 1
github.com/dmtsa27/kachka.git/pkg/service/circle_service.go:70.24,72.4 1 1
github.com/dmtsa27/kachka.git/pkg/service/circle_service.go:73.3,73.13 1 1
github.com/dmtsa27/kachka.git/pkg/service/circle_service.go:76.2,76.72 1 1
github.com/dmtsa27/kachka.git/pkg/service/circle_service.go:76.72,78.3 1 0
github.com/dmtsa27/kachka.git/pkg/service/circle_service.go:80.2,81.16 2 1
github.com/dmtsa27/kachka.git/pkg/service/circle_service.go:81.16,83.3 1 0
github.com/dmtsa27/kachka.git/pkg/service/circle_service.go:85.2,85.35 1 1
github.com/dmtsa27/kachka.git/pkg/service/circle_service.go:85.35,91.18 1 1
github.com/dmtsa27/kachka.git/pkg/service/circle_service.go:91.18,93.4 1 0
github.com/dmtsa27/kachka.git/pkg/service/circle_service.go:94.3,94.24 1 1
github.com/dmtsa27/kachka.git/pkg/service/circle_service.go:94.24,96.4 1 1
github.com/dmtsa27/kachka.git/pkg/service/circle_service.go:99.2,99.12 1 1
github.com/dmtsa27/kachka.git/pkg/service/circle_service.go:102.72,104.2 1 1
github.com/dmtsa27/kachka.git/pkg/service/circle_service.go:106.89,108.2 1 1
github.com/dmtsa27/kachka.git/pkg/service/service.go:87.27,92.2 1 1
github.com/dmtsa27/kachka.git/pkg/service/service.go:156.30,187.2 6 1
github.com/dmtsa27/kachka.git/pkg/service/service.go:189.36,190.37 1 1
github.com/dmtsa27/kachka.git/pkg/service/service.go:190.37,192.3 1 1
github.com/dmtsa27/kachka.git/pkg/service/service.go:193.2,193.23 1 1
github.com/dmtsa27/kachka.git/pkg/service/service.go:193.23,195.3 1 1
github.com/dmtsa27/kachka.git/pkg/service/service.go:196.2,196.10 1 1
github.com/dmtsa27/kachka.git/pkg/service/service.go:199.94,201.2 1 1
github.com/dmtsa27/kachka.git/pkg/service/service.go:203.116,205.2 1 1
github.com/dmtsa27/kachka.git/pkg/service/service.go:207.83,209.2 1 1
github.com/dmtsa27/kachka.git/pkg/service/service.go:212.106,214.2 1 1
github.com/dmtsa27/kachka.git/pkg/service/service.go:217.87,219.2 1 1
github.com/dmtsa27/kachka.git/pkg/service/service.go:222.85,224.2 1 1
github.com/dmtsa27/kachka.git/pkg/service/service.go:226.100,228.2 1 1
github.com/dmtsa27/kachka.git/pkg/service/service.go:230.145,232.2 1 1
github.com/dmtsa27/kachka.git/pkg/service/service.go:234.118,236.2 1 1
github.com/dmtsa27/kachka.git/pkg/service/service.go:238.95,240.2 1 1
github.com/dmtsa27/kachka.git/pkg/service/service.go:242.197,244.2 1 1
github.com/dmtsa27/kachka.git/pkg/service/service.go:246.93,248.2 1 1
github.com/dmtsa27/kachka.git/pkg/service/service.go:250.128,252.2 1 1
github.com/dmtsa27/kachka.git/pkg/service/service.go:254.109,256.2 1 1
github.com/dmtsa27/kachka.git/pkg/service/service.go:258.36,260.2 1 0
github.com/dmtsa27/kachka.git/pkg/service/user_service.go:16.98,22.2 1 1
github.com/dmtsa27/kachka.git/pkg/service/user_service.go:24.85,26.16 2 1
github.com/dmtsa27/kachka.git/pkg/service/user_service.go:26.16,27.36 1 1
github.com/dmtsa27/kachka.git/pkg/service/user_service.go:27.36,29.4 1 1
github.com/dmtsa27/kachka.git/pkg/service/user_service.go:30.3,30.49 1 0
github.com/dmtsa27/kachka.git/pkg/service/user_service.go:32.2,32.27 1 1
