mode: set
github.com/dmtsa27/kachka.git/pkg/service/bootstrap_service.go:18.154,20.2 1 1
github.com/dmtsa27/kachka.git/pkg/service/bootstrap_service.go:22.127,24.2 1 1
github.com/dmtsa27/kachka.git/pkg/service/bootstrap_service.go:26.104,28.2 1 1
github.com/dmtsa27/kachka.git/pkg/service/bootstrap_service.go:30.206,31.68 1 1
github.com/dmtsa27/kachka.git/pkg/service/bootstrap_service.go:31.68,33.3 1 0
github.com/dmtsa27/kachka.git/pkg/service/bootstrap_service.go:35.2,35.77 1 1
github.com/dmtsa27/kachka.git/pkg/service/bootstrap_service.go:35.77,37.3 1 0
github.com/dmtsa27/kachka.git/pkg/service/bootstrap_service.go:39.2,39.100 1 1
github.com/dmtsa27/kachka.git/pkg/service/bootstrap_service.go:39.100,41.3 1 0
github.com/dmtsa27/kachka.git/pkg/service/bootstrap_service.go:43.2,43.35 1 1
github.com/dmtsa27/kachka.git/pkg/service/bootstrap_service.go:43.35,45.17 2 1
github.com/dmtsa27/kachka.git/pkg/service/bootstrap_service.go:45.17,47.4 1 0
github.com/dmtsa27/kachka.git/pkg/service/bootstrap_service.go:48.3,48.31 1 1
github.com/dmtsa27/kachka.git/pkg/service/bootstrap_service.go:51.2,52.16 2 1
github.com/dmtsa27/kachka.git/pkg/service/bootstrap_service.go:52.16,53.36 1 1
github.com/dmtsa27/kachka.git/pkg/service/bootstrap_service.go:53.36,55.4 1 1
github.com/dmtsa27/kachka.git/pkg/service/bootstrap_service.go:56.3,56.38 1 0
github.com/dmtsa27/kachka.git/pkg/service/bootstrap_service.go:59.2,59.45 1 1
github.com/dmtsa27/kachka.git/pkg/service/bootstrap_service.go:59.45,61.3 1 1
github.com/dmtsa27/kachka.git/pkg/service/bootstrap_service.go:63.2,64.16 2 1
github.com/dmtsa27/kachka.git/pkg/service/bootstrap_service.go:64.16,66.3 1 0
github.com/dmtsa27/kachka.git/pkg/service/bootstrap_service.go:68.2,68.39 1 1
github.com/dmtsa27/kachka.git/pkg/service/bootstrap_service.go:71.102,73.16 2 1
github.com/dmtsa27/kachka.git/pkg/service/bootstrap_service.go:73.16,74.36 1 1
github.com/dmtsa27/kachka.git/pkg/service/bootstrap_service.go:74.36,76.4 1 1
github.com/dmtsa27/kachka.git/pkg/service/bootstrap_service.go:77.3,77.20 1 0
github.com/dmtsa27/kachka.git/pkg/service/bootstrap_service.go:80.2,80.50 1 1
github.com/dmtsa27/kachka.git/pkg/service/bootstrap_service.go:80.50,82.3 1 1
github.com/dmtsa27/kachka.git/pkg/service/bootstrap_service.go:84.2,84.38 1 1
github.com/dmtsa27/kachka.git/pkg/service/bootstrap_service.go:84.38,86.3 1 1
github.com/dmtsa27/kachka.git/pkg/service/bootstrap_service.go:88.2,89.16 2 1
github.com/dmtsa27/kachka.git/pkg/service/bootstrap_service.go:89.16,91.3 1 0
github.com/dmtsa27/kachka.git/pkg/service/bootstrap_service.go:93.2,93.48 1 1
github.com/dmtsa27/kachka.git/pkg/service/bootstrap_service.go:93.48,95.3 1 1
github.com/dmtsa27/kachka.git/pkg/service/bootstrap_service.go:97.2,98.16 2 1
github.com/dmtsa27/kachka.git/pkg/service/bootstrap_service.go:98.16,100.3 1 0
github.com/dmtsa27/kachka.git/pkg/service/bootstrap_service.go:101.2,101.13 1 1
github.com/dmtsa27/kachka.git/pkg/service/bootstrap_service.go:101.13,103.3 1 0
github.com/dmtsa27/kachka.git/pkg/service/bootstrap_service.go:105.2,111.17 1 1
github.com/dmtsa27/kachka.git/pkg/service/bootstrap_service.go:111.17,113.3 1 0
github.com/dmtsa27/kachka.git/pkg/service/bootstrap_service.go:115.2,115.18 1 1
github.com/dmtsa27/kachka.git/pkg/service/bootstrap_service.go:118.128,120.16 2 1
github.com/dmtsa27/kachka.git/pkg/service/bootstrap_service.go:120.16,122.3 1 0
github.com/dmtsa27/kachka.git/pkg/service/bootstrap_service.go:125.2,125.60 1 1
github.com/dmtsa27/kachka.git/pkg/service/bootstrap_service.go:125.60,127.3 1 1
github.com/dmtsa27/kachka.git/pkg/service/bootstrap_service.go:129.2,129.98 1 1
github.com/dmtsa27/kachka.git/pkg/service/bootstrap_service.go:132.109,134.16 2 1
github.com/dmtsa27/kachka.git/pkg/service/bootstrap_service.go:134.16,136.3 1 1
github.com/dmtsa27/kachka.git/pkg/service/bootstrap_service.go:137.2,137.36 1 1
github.com/dmtsa27/kachka.git/pkg/service/bootstrap_service.go:137.36,139.3 1 0
github.com/dmtsa27/kachka.git/pkg/service/bootstrap_service.go:142.2,143.16 2 1
github.com/dmtsa27/kachka.git/pkg/service/bootstrap_service.go:143.16,145.3 1 1
github.com/dmtsa27/kachka.git/pkg/service/bootstrap_service.go:148.2,155.8 1 0
github.com/dmtsa27/kachka.git/pkg/service/bootstrap_service.go:158.57,159.31 1 1
github.com/dmtsa27/kachka.git/pkg/service/bootstrap_service.go:159.31,160.22 1 1
github.com/dmtsa27/kachka.git/pkg/service/bootstrap_service.go:160.22,162.4 1 1
github.com/dmtsa27/kachka.git/pkg/service/bootstrap_service.go:164.2,164.14 1 1
github.com/dmtsa27/kachka.git/pkg/service/challenge_service.go:18.115,25.2 1 1
github.com/dmtsa27/kachka.git/pkg/service/challenge_service.go:28.96,30.2 1 1
github.com/dmtsa27/kachka.git/pkg/service/challenge_service.go:33.106,35.2 1 1
github.com/dmtsa27/kachka.git/pkg/service/challenge_service.go:37.99,39.2 1 1
github.com/dmtsa27/kachka.git/pkg/service/challenge_service.go:41.88,43.2 1 1
github.com/dmtsa27/kachka.git/pkg/service/challenge_service.go:45.94,47.16 2 1
github.com/dmtsa27/kachka.git/pkg/service/challenge_service.go:47.16,49.3 1 0
github.com/dmtsa27/kachka.git/pkg/service/challenge_service.go:50.2,50.24 1 1
github.com/dmtsa27/kachka.git/pkg/service/challenge_service.go:53.109,59.16 5 1
github.com/dmtsa27/kachka.git/pkg/service/challenge_service.go:59.16,61.3 1 0
github.com/dmtsa27/kachka.git/pkg/service/challenge_service.go:63.2,65.32 3 1
github.com/dmtsa27/kachka.git/pkg/service/challenge_service.go:65.32,66.39 1 1
github.com/dmtsa27/kachka.git/pkg/service/challenge_service.go:66.39,69.4 2 1
github.com/dmtsa27/kachka.git/pkg/service/challenge_service.go:72.2,72.24 1 1
github.com/dmtsa27/kachka.git/pkg/service/challenge_service.go:72.24,73.70 1 1
github.com/dmtsa27/kachka.git/pkg/service/challenge_service.go:73.70,75.4 1 0
github.com/dmtsa27/kachka.git/pkg/service/challenge_service.go:78.2,78.20 1 1
github.com/dmtsa27/kachka.git/pkg/service/challenge_service.go:81.92,83.2 1 1
github.com/dmtsa27/kachka.git/pkg/service/challenge_service.go:85.91,87.2 1 1
github.com/dmtsa27/kachka.git/pkg/service/challenge_service.go:89.122,91.16 2 1
github.com/dmtsa27/kachka.git/pkg/service/challenge_service.go:91.16,93.3 1 0
github.com/dmtsa27/kachka.git/pkg/service/challenge_service.go:95.2,95.60 1 1
github.com/dmtsa27/kachka.git/pkg/service/challenge_service.go:98.100,100.16 2 1
github.com/dmtsa27/kachka.git/pkg/service/challenge_service.go:100.16,102.3 1 0
github.com/dmtsa27/kachka.git/pkg/service/challenge_service.go:104.2,108.56 4 1
github.com/dmtsa27/kachka.git/pkg/service/circle_service.go:20.122,21.49 1 1
github.com/dmtsa27/kachka.git/pkg/service/circle_service.go:21.49,23.3 1 1
github.com/dmtsa27/kachka.git/pkg/service/circle_service.go:25.2,26.16 2 1
github.com/dmtsa27/kachka.git/pkg/service/circle_service.go:26.16,28.3 1 0
github.com/dmtsa27/kachka.git/pkg/service/circle_service.go:29.2,29.19 1 1
github.com/dmtsa27/kachka.git/pkg/service/circle_service.go:29.19,31.3 1 1
github.com/dmtsa27/kachka.git/pkg/service/circle_service.go:33.2,34.16 2 1
github.com/dmtsa27/kachka.git/pkg/service/circle_service.go:34.16,36.3 1 0
github.com/dmtsa27/kachka.git/pkg/service/circle_service.go:37.2,37.13 1 1
github.com/dmtsa27/kachka.git/pkg/service/circle_service.go:37.13,39.3 1 1
github.com/dmtsa27/kachka.git/pkg/service/circle_service.go:41.2,42.16 2 1
github.com/dmtsa27/kachka.git/pkg/service/circle_service.go:42.16,44.3 1 0
github.com/dmtsa27/kachka.git/pkg/service/circle_service.go:45.2,45.16 1 1
github.com/dmtsa27/kachka.git/pkg/service/circle_service.go:45.16,47.3 1 0
github.com/dmtsa27/kachka.git/pkg/service/circle_service.go:49.2,49.57 1 1
github.com/dmtsa27/kachka.git/pkg/service/circle_service.go:52.96,54.16 2 1
github.com/dmtsa27/kachka.git/pkg/service/circle_service.go:54.16,56.3 1 0
github.com/dmtsa27/kachka.git/pkg/service/circle_service.go:58.2,58.22 1 1
github.com/dmtsa27/kachka.git/pkg/service/circle_service.go:61.110,63.16 2 1
github.com/dmtsa27/kachka.git/pkg/service/circle_service.go:63.16,65.3 1 0
github.com/dmtsa27/kachka.git/pkg/service/circle_service.go:66.2,66.17 1 1
github.com/dmtsa27/kachka.git/pkg/service/circle_service.go:66.17,68.24 2 1
github.com/dmtsa27/kachka.git/pkg/service/circle_service.go:68.24,70.18 2 1
github.com/dmtsa27/kachka.git/pkg/service/circle_service.go:70.18,72.5 1 1
github.com/dmtsa27/kachka.git/pkg/service/circle_service.go:74.3,74.77 1 1
github.com/dmtsa27/kachka.git/pkg/service/circle_service.go:74.77,76.4 1 0
github.com/dmtsa27/kachka.git/pkg/service/circle_service.go:77.3,77.13 1 1
github.com/dmtsa27/kachka.git/pkg/service/circle_service.go:80.2,80.72 1 1
github.com/dmtsa27/kachka.git/pkg/service/circle_service.go:80.72,82.3 1 0
github.com/dmtsa27/kachka.git/pkg/service/circle_service.go:84.2,85.16 2 1
github.com/dmtsa27/kachka.git/pkg/service/circle_service.go:85.16,87.3 1 0
github.com/dmtsa27/kachka.git/pkg/service/circle_service.go:89.2,89.35 1 1
github.com/dmtsa27/kachka.git/pkg/service/circle_service.go:89.35,91.24 2 1
github.com/dmtsa27/kachka.git/pkg/service/circle_service.go:91.24,93.18 2 1
github.com/dmtsa27/kachka.git/pkg/service/circle_service.go:93.18,95.5 1 1
github.com/dmtsa27/kachka.git/pkg/service/circle_service.go:98.3,103.18 1 1
github.com/dmtsa27/kachka.git/pkg/service/circle_service.go:103.18,105.4 1 0
github.com/dmtsa27/kachka.git/pkg/service/circle_service.go:108.2,108.12 1 1
github.com/dmtsa27/kachka.git/pkg/service/circle_service.go:111.72,113.2 1 1
github.com/dmtsa27/kachka.git/pkg/service/circle_service.go:115.89,117.2 1 1
github.com/dmtsa27/kachka.git/pkg/service/moderation_service.go:25.133,28.16 2 1
github.com/dmtsa27/kachka.git/pkg/service/moderation_service.go:28.16,29.35 1 1
github.com/dmtsa27/kachka.git/pkg/service/moderation_service.go:29.35,31.4 1 1
github.com/dmtsa27/kachka.git/pkg/service/moderation_service.go:33.3,33.54 1 1
github.com/dmtsa27/kachka.git/pkg/service/moderation_service.go:33.54,35.4 1 1
github.com/dmtsa27/kachka.git/pkg/service/moderation_service.go:37.3,38.17 2 1
github.com/dmtsa27/kachka.git/pkg/service/moderation_service.go:38.17,40.4 1 0
github.com/dmtsa27/kachka.git/pkg/service/moderation_service.go:41.3,41.34 1 1
github.com/dmtsa27/kachka.git/pkg/service/moderation_service.go:45.2,46.16 2 1
github.com/dmtsa27/kachka.git/pkg/service/moderation_service.go:46.16,47.35 1 1
github.com/dmtsa27/kachka.git/pkg/service/moderation_service.go:47.35,49.4 1 0
github.com/dmtsa27/kachka.git/pkg/service/moderation_service.go:50.3,50.52 1 1
github.com/dmtsa27/kachka.git/pkg/service/moderation_service.go:50.52,52.4 1 0
github.com/dmtsa27/kachka.git/pkg/service/moderation_service.go:54.3,55.17 2 1
github.com/dmtsa27/kachka.git/pkg/service/moderation_service.go:55.17,57.4 1 0
github.com/dmtsa27/kachka.git/pkg/service/moderation_service.go:58.3,58.35 1 1
github.com/dmtsa27/kachka.git/pkg/service/moderation_service.go:61.2,61.93 1 0
github.com/dmtsa27/kachka.git/pkg/service/moderation_service.go:64.126,66.2 1 1
github.com/dmtsa27/kachka.git/pkg/service/moderation_service.go:68.122,70.16 2 1
github.com/dmtsa27/kachka.git/pkg/service/moderation_service.go:70.16,72.3 1 0
github.com/dmtsa27/kachka.git/pkg/service/moderation_service.go:74.2,74.72 1 1
github.com/dmtsa27/kachka.git/pkg/service/moderation_service.go:74.72,76.3 1 1
github.com/dmtsa27/kachka.git/pkg/service/moderation_service.go:78.2,78.53 1 1
github.com/dmtsa27/kachka.git/pkg/service/moderation_service.go:78.53,80.3 1 1
github.com/dmtsa27/kachka.git/pkg/service/moderation_service.go:82.2,82.74 1 1
github.com/dmtsa27/kachka.git/pkg/service/moderation_service.go:85.156,87.16 2 1
github.com/dmtsa27/kachka.git/pkg/service/moderation_service.go:87.16,89.3 1 0
github.com/dmtsa27/kachka.git/pkg/service/moderation_service.go:91.2,91.33 1 1
github.com/dmtsa27/kachka.git/pkg/service/moderation_service.go:91.33,93.3 1 1
github.com/dmtsa27/kachka.git/pkg/service/moderation_service.go:95.2,106.38 2 1
github.com/dmtsa27/kachka.git/pkg/service/moderation_service.go:109.151,111.16 2 1
github.com/dmtsa27/kachka.git/pkg/service/moderation_service.go:111.16,113.3 1 0
github.com/dmtsa27/kachka.git/pkg/service/moderation_service.go:115.2,126.38 2 1
github.com/dmtsa27/kachka.git/pkg/service/moderation_service.go:129.109,131.16 2 1
github.com/dmtsa27/kachka.git/pkg/service/moderation_service.go:131.16,133.3 1 0
github.com/dmtsa27/kachka.git/pkg/service/moderation_service.go:135.2,135.22 1 1
github.com/dmtsa27/kachka.git/pkg/service/moderation_service.go:135.22,137.3 1 1
github.com/dmtsa27/kachka.git/pkg/service/moderation_service.go:139.2,139.67 1 1
github.com/dmtsa27/kachka.git/pkg/service/moderation_service.go:139.67,141.3 1 0
github.com/dmtsa27/kachka.git/pkg/service/moderation_service.go:143.2,143.13 1 1
github.com/dmtsa27/kachka.git/pkg/service/moderation_service.go:143.13,144.25 1 1
github.com/dmtsa27/kachka.git/pkg/service/moderation_service.go:144.25,146.4 1 1
github.com/dmtsa27/kachka.git/pkg/service/moderation_service.go:147.3,147.87 1 1
github.com/dmtsa27/kachka.git/pkg/service/moderation_service.go:150.2,150.15 1 1
github.com/dmtsa27/kachka.git/pkg/service/moderation_service.go:153.124,155.2 1 1
github.com/dmtsa27/kachka.git/pkg/service/moderation_service.go:157.107,159.2 1 1
github.com/dmtsa27/kachka.git/pkg/service/service.go:111.27,116.2 1 1
github.com/dmtsa27/kachka.git/pkg/service/service.go:120.16,120.41 1 0
github.com/dmtsa27/kachka.git/pkg/service/service.go:121.45,123.4 1 0
github.com/dmtsa27/kachka.git/pkg/service/service.go:216.30,255.2 7 1
github.com/dmtsa27/kachka.git/pkg/service/service.go:257.92,259.2 1 1
github.com/dmtsa27/kachka.git/pkg/service/service.go:261.123,263.2 1 1
github.com/dmtsa27/kachka.git/pkg/service/service.go:265.112,267.2 1 1
github.com/dmtsa27/kachka.git/pkg/service/service.go:269.146,271.2 1 1
github.com/dmtsa27/kachka.git/pkg/service/service.go:273.141,275.2 1 1
github.com/dmtsa27/kachka.git/pkg/service/service.go:277.99,279.2 1 1
github.com/dmtsa27/kachka.git/pkg/service/service.go:281.114,283.2 1 1
github.com/dmtsa27/kachka.git/pkg/service/service.go:285.36,286.37 1 1
github.com/dmtsa27/kachka.git/pkg/service/service.go:286.37,288.3 1 1
github.com/dmtsa27/kachka.git/pkg/service/service.go:289.2,289.23 1 1
github.com/dmtsa27/kachka.git/pkg/service/service.go:289.23,291.3 1 1
github.com/dmtsa27/kachka.git/pkg/service/service.go:292.2,292.10 1 1
github.com/dmtsa27/kachka.git/pkg/service/service.go:295.94,297.2 1 0
github.com/dmtsa27/kachka.git/pkg/service/service.go:299.89,301.2 1 1
github.com/dmtsa27/kachka.git/pkg/service/service.go:303.75,305.2 1 1
github.com/dmtsa27/kachka.git/pkg/service/service.go:307.75,309.2 1 1
github.com/dmtsa27/kachka.git/pkg/service/service.go:311.81,313.2 1 1
github.com/dmtsa27/kachka.git/pkg/service/service.go:315.116,317.2 1 1
github.com/dmtsa27/kachka.git/pkg/service/service.go:319.83,321.2 1 1
github.com/dmtsa27/kachka.git/pkg/service/service.go:324.106,326.2 1 1
github.com/dmtsa27/kachka.git/pkg/service/service.go:329.87,331.2 1 1
github.com/dmtsa27/kachka.git/pkg/service/service.go:334.85,336.2 1 1
github.com/dmtsa27/kachka.git/pkg/service/service.go:338.97,340.2 1 1
github.com/dmtsa27/kachka.git/pkg/service/service.go:342.90,344.2 1 1
github.com/dmtsa27/kachka.git/pkg/service/service.go:346.79,348.2 1 1
github.com/dmtsa27/kachka.git/pkg/service/service.go:350.100,352.2 1 1
github.com/dmtsa27/kachka.git/pkg/service/service.go:354.83,356.2 1 1
github.com/dmtsa27/kachka.git/pkg/service/service.go:358.82,360.2 1 1
github.com/dmtsa27/kachka.git/pkg/service/service.go:362.113,364.2 1 1
github.com/dmtsa27/kachka.git/pkg/service/service.go:366.145,368.2 1 1
github.com/dmtsa27/kachka.git/pkg/service/service.go:370.118,372.2 1 1
github.com/dmtsa27/kachka.git/pkg/service/service.go:374.95,376.2 1 1
github.com/dmtsa27/kachka.git/pkg/service/service.go:378.197,380.2 1 1
github.com/dmtsa27/kachka.git/pkg/service/service.go:382.93,384.2 1 1
github.com/dmtsa27/kachka.git/pkg/service/service.go:386.128,388.2 1 1
github.com/dmtsa27/kachka.git/pkg/service/service.go:390.109,392.2 1 1
github.com/dmtsa27/kachka.git/pkg/service/service.go:394.36,396.2 1 1
github.com/dmtsa27/kachka.git/pkg/service/service.go:398.91,400.2 1 1
github.com/dmtsa27/kachka.git/pkg/service/service.go:402.97,404.2 1 1
github.com/dmtsa27/kachka.git/pkg/service/user_service.go:16.98,22.2 1 1
github.com/dmtsa27/kachka.git/pkg/service/user_service.go:24.93,26.2 1 1
github.com/dmtsa27/kachka.git/pkg/service/user_service.go:28.79,30.2 1 1
github.com/dmtsa27/kachka.git/pkg/service/user_service.go:32.79,34.2 1 1
github.com/dmtsa27/kachka.git/pkg/service/user_service.go:36.85,38.16 2 1
github.com/dmtsa27/kachka.git/pkg/service/user_service.go:38.16,39.36 1 1
github.com/dmtsa27/kachka.git/pkg/service/user_service.go:39.36,41.4 1 1
github.com/dmtsa27/kachka.git/pkg/service/user_service.go:42.3,42.49 1 1
github.com/dmtsa27/kachka.git/pkg/service/user_service.go:44.2,44.27 1 1
github.com/dmtsa27/kachka.git/pkg/service/user_service.go:47.96,49.2 1 1
github.com/dmtsa27/kachka.git/pkg/service/user_service.go:51.85,53.2 1 1
